<?xml version="1.0" encoding="UTF-8"?>
<TestRun id="73ab4851-7587-402f-8228-083dd8aa8e76" name="albertle@ALBERTX60 2011-04-29 18:13:50" runUser="REDMOND\albertle" xmlns="http://microsoft.com/schemas/VisualStudio/TeamTest/2010">
  <TestSettings name="Local" id="05b17f24-cf71-4c75-b08b-224b51f23153">
    <Description>These are default test settings for a local test run.</Description>
    <Deployment enabled="false" runDeploymentRoot="albertle_ALBERTX60 2011-04-29 18_13_50">
      <DeploymentItem filename="d:\workspace\project\reader\project\bookasa\src\Bookasa\Bookasa.Data\bin\Debug\Bookasa.Data.dll" />
      <DeploymentItem filename="d:\workspace\project\reader\project\bookasa\src\Bookasa\Bookasa.Configuration\bin\Debug\Bookasa.Configuration.dll" />
      <DeploymentItem filename="d:\workspace\project\reader\project\bookasa\src\Bookasa\Bookasa.Common\bin\Debug\Bookasa.Common.dll" />
      <DeploymentItem filename="d:\workspace\project\reader\project\bookasa\src\Bookasa\Bookasa.Format.ePUB\bin\Debug\Bookasa.Format.ePUB.dll" />
      <DeploymentItem filename="d:\workspace\project\reader\project\bookasa\src\Bookasa\Bookasa.Scanner\bin\Debug\Bookasa.Scanner.dll" />
    </Deployment>
    <Execution>
      <TestTypeSpecific />
      <AgentRule name="Execution Agents">
      </AgentRule>
    </Execution>
  </TestSettings>
  <Times creation="2011-04-29T18:13:50.0740337-07:00" queuing="2011-04-29T18:13:59.1490337-07:00" start="2011-04-29T18:13:59.4400337-07:00" finish="2011-04-29T18:14:39.5850337-07:00" />
  <ResultSummary outcome="Error">
    <Counters total="1" executed="1" error="0" failed="0" timeout="0" aborted="1" inconclusive="0" passedButRunAborted="0" notRunnable="0" notExecuted="0" disconnected="0" warning="0" passed="0" completed="0" inProgress="0" pending="0" />
    <RunInfos>
      <RunInfo computerName="ALBERTX60" outcome="Error" timestamp="2011-04-29T18:14:39.4750337-07:00">
        <Text>Test host process exited unexpectedly.</Text>
      </RunInfo>
    </RunInfos>
  </ResultSummary>
  <TestDefinitions>
    <UnitTest name="TestDirectoryScanning" storage="d:\workspace\project\reader\project\bookasa\src\bookasa\bookasa.test\bin\debug\bookasa.test.dll" id="b7473c07-8c46-4e4d-8125-10e0504348dd">
      <Execution id="ed173d80-3f65-4a13-9fa3-8c7bbbdd8e45" />
      <TestMethod codeBase="d:/workspace/project/reader/project/bookasa/src/Bookasa/Bookasa.Test/bin/Debug/Bookasa.Test.DLL" adapterTypeName="Microsoft.VisualStudio.TestTools.TestTypes.Unit.UnitTestAdapter, Microsoft.VisualStudio.QualityTools.Tips.UnitTest.Adapter, Version=10.0.0.0, Culture=neutral, PublicKeyToken=b03f5f7f11d50a3a" className="Bookasa.Test.ScannerTests, Bookasa.Test, Version=1.0.0.0, Culture=neutral, PublicKeyToken=null" name="TestDirectoryScanning" />
    </UnitTest>
  </TestDefinitions>
  <TestLists>
    <TestList name="Results Not in a List" id="8c84fa94-04c1-424b-9868-57a2d4851a1d" />
    <TestList name="All Loaded Results" id="19431567-8539-422a-85d7-44ee4e166bda" />
  </TestLists>
  <TestEntries>
    <TestEntry testId="b7473c07-8c46-4e4d-8125-10e0504348dd" executionId="ed173d80-3f65-4a13-9fa3-8c7bbbdd8e45" testListId="8c84fa94-04c1-424b-9868-57a2d4851a1d" />
  </TestEntries>
  <Results>
    <UnitTestResult executionId="ed173d80-3f65-4a13-9fa3-8c7bbbdd8e45" testId="b7473c07-8c46-4e4d-8125-10e0504348dd" testName="TestDirectoryScanning" computerName="ALBERTX60" duration="00:00:39.7690000" startTime="2011-04-29T18:13:59.8160337-07:00" endTime="2011-04-29T18:14:39.5850337-07:00" testType="13cdc9d9-ddb5-4fa4-a97d-d965ccfc6d4b" outcome="Aborted" testListId="8c84fa94-04c1-424b-9868-57a2d4851a1d" relativeResultsDirectory="ed173d80-3f65-4a13-9fa3-8c7bbbdd8e45">
    </UnitTestResult>
  </Results>
</TestRun>